<?xml version="1.0" encoding="UTF-8"?>
<testng-results ignored="0" total="1" passed="1" failed="0" skipped="0">
  <reporter-output>
  </reporter-output>
  <suite started-at="2026-01-23T16:45:57 IST" name="Default suite" finished-at="2026-01-23T16:47:14 IST" duration-ms="76773">
    <groups>
      <group name="cucumber">
        <method signature="AbstractTestNGCucumberTests.runScenario(io.cucumber.testng.PickleWrapper,io.cucumber.testng.FeatureWrapper)[pri:0, instance:Testrunner.runner@49e5f737]" name="runScenario" class="io.cucumber.testng.AbstractTestNGCucumberTests"/>
      </group> <!-- cucumber -->
    </groups>
    <test started-at="2026-01-23T16:45:57 IST" name="Default test" finished-at="2026-01-23T16:47:14 IST" duration-ms="76773">
      <class name="Testrunner.runner">
        <test-method is-config="true" signature="setUpClass(org.testng.ITestContext)[pri:0, instance:Testrunner.runner@49e5f737]" started-at="2026-01-23T16:45:57 IST" name="setUpClass" finished-at="2026-01-23T16:45:58 IST" duration-ms="794" status="PASS">
          <params>
            <param index="0">
              <value>
                <![CDATA[org.testng.TestRunner@18e4674d]]>
              </value>
            </param>
          </params>
          <reporter-output>
          </reporter-output>
        </test-method> <!-- setUpClass -->
        <test-method signature="runScenario(io.cucumber.testng.PickleWrapper,io.cucumber.testng.FeatureWrapper)[pri:0, instance:Testrunner.runner@49e5f737]" started-at="2026-01-23T16:45:58 IST" name="runScenario" description="Runs Cucumber Scenarios" data-provider="scenarios" finished-at="2026-01-23T16:47:13 IST" duration-ms="74894" status="PASS">
          <params>
            <param index="0">
              <value>
                <![CDATA["To Test the search functionality with excell sheet"]]>
              </value>
            </param>
            <param index="1">
              <value>
                <![CDATA["To validate the flipkart application"]]>
              </value>
            </param>
          </params>
          <reporter-output>
          </reporter-output>
        </test-method> <!-- runScenario -->
        <test-method is-config="true" signature="tearDownClass()[pri:0, instance:Testrunner.runner@49e5f737]" started-at="2026-01-23T16:47:13 IST" name="tearDownClass" finished-at="2026-01-23T16:47:14 IST" duration-ms="1015" status="PASS">
          <reporter-output>
          </reporter-output>
        </test-method> <!-- tearDownClass -->
      </class> <!-- Testrunner.runner -->
    </test> <!-- Default test -->
  </suite> <!-- Default suite -->
</testng-results>
