<?xml version="1.0" encoding="UTF-8"?>
<testng-results ignored="0" total="8" passed="8" failed="0" skipped="0">
  <reporter-output>
  </reporter-output>
  <suite started-at="2026-01-09T16:36:23 IST" name="Default suite" finished-at="2026-01-09T16:43:47 IST" duration-ms="444361">
    <groups>
      <group name="cucumber">
        <method signature="AbstractTestNGCucumberTests.runScenario(io.cucumber.testng.PickleWrapper,io.cucumber.testng.FeatureWrapper)[pri:0, instance:Testrunner.runner@49e5f737]" name="runScenario" class="io.cucumber.testng.AbstractTestNGCucumberTests"/>
      </group> <!-- cucumber -->
    </groups>
    <test started-at="2026-01-09T16:36:23 IST" name="Default test" finished-at="2026-01-09T16:43:47 IST" duration-ms="444361">
      <class name="Testrunner.runner">
        <test-method is-config="true" signature="setUpClass(org.testng.ITestContext)[pri:0, instance:Testrunner.runner@49e5f737]" started-at="2026-01-09T16:36:23 IST" name="setUpClass" finished-at="2026-01-09T16:36:23 IST" duration-ms="755" status="PASS">
          <params>
            <param index="0">
              <value>
                <![CDATA[org.testng.TestRunner@2035d65b]]>
              </value>
            </param>
          </params>
          <reporter-output>
          </reporter-output>
        </test-method> <!-- setUpClass -->
        <test-method signature="runScenario(io.cucumber.testng.PickleWrapper,io.cucumber.testng.FeatureWrapper)[pri:0, instance:Testrunner.runner@49e5f737]" started-at="2026-01-09T16:36:23 IST" name="runScenario" description="Runs Cucumber Scenarios" data-provider="scenarios" finished-at="2026-01-09T16:37:02 IST" duration-ms="38523" status="PASS">
          <params>
            <param index="0">
              <value>
                <![CDATA["To validate the search functionality"]]>
              </value>
            </param>
            <param index="1">
              <value>
                <![CDATA["To validate the flipkart application"]]>
              </value>
            </param>
          </params>
          <reporter-output>
          </reporter-output>
        </test-method> <!-- runScenario -->
        <test-method signature="runScenario(io.cucumber.testng.PickleWrapper,io.cucumber.testng.FeatureWrapper)[pri:0, instance:Testrunner.runner@49e5f737]" started-at="2026-01-09T16:37:02 IST" name="runScenario" description="Runs Cucumber Scenarios" data-provider="scenarios" finished-at="2026-01-09T16:37:24 IST" duration-ms="22595" status="PASS">
          <params>
            <param index="0">
              <value>
                <![CDATA["To validate the Fashion Functionality"]]>
              </value>
            </param>
            <param index="1">
              <value>
                <![CDATA["To validate the flipkart application"]]>
              </value>
            </param>
          </params>
          <reporter-output>
          </reporter-output>
        </test-method> <!-- runScenario -->
        <test-method signature="runScenario(io.cucumber.testng.PickleWrapper,io.cucumber.testng.FeatureWrapper)[pri:0, instance:Testrunner.runner@49e5f737]" started-at="2026-01-09T16:37:24 IST" name="runScenario" description="Runs Cucumber Scenarios" data-provider="scenarios" finished-at="2026-01-09T16:37:39 IST" duration-ms="14165" status="PASS">
          <params>
            <param index="0">
              <value>
                <![CDATA["To validate search functionality with different values"]]>
              </value>
            </param>
            <param index="1">
              <value>
                <![CDATA["To validate the flipkart application"]]>
              </value>
            </param>
          </params>
          <reporter-output>
          </reporter-output>
        </test-method> <!-- runScenario -->
        <test-method signature="runScenario(io.cucumber.testng.PickleWrapper,io.cucumber.testng.FeatureWrapper)[pri:0, instance:Testrunner.runner@49e5f737]" started-at="2026-01-09T16:37:39 IST" name="runScenario" description="Runs Cucumber Scenarios" data-provider="scenarios" finished-at="2026-01-09T16:37:55 IST" duration-ms="16011" status="PASS">
          <params>
            <param index="0">
              <value>
                <![CDATA["To validate search functionality with different values"]]>
              </value>
            </param>
            <param index="1">
              <value>
                <![CDATA["To validate the flipkart application"]]>
              </value>
            </param>
          </params>
          <reporter-output>
          </reporter-output>
        </test-method> <!-- runScenario -->
        <test-method signature="runScenario(io.cucumber.testng.PickleWrapper,io.cucumber.testng.FeatureWrapper)[pri:0, instance:Testrunner.runner@49e5f737]" started-at="2026-01-09T16:37:55 IST" name="runScenario" description="Runs Cucumber Scenarios" data-provider="scenarios" finished-at="2026-01-09T16:38:20 IST" duration-ms="25005" status="PASS">
          <params>
            <param index="0">
              <value>
                <![CDATA["To validate search functionality with different values"]]>
              </value>
            </param>
            <param index="1">
              <value>
                <![CDATA["To validate the flipkart application"]]>
              </value>
            </param>
          </params>
          <reporter-output>
          </reporter-output>
        </test-method> <!-- runScenario -->
        <test-method signature="runScenario(io.cucumber.testng.PickleWrapper,io.cucumber.testng.FeatureWrapper)[pri:0, instance:Testrunner.runner@49e5f737]" started-at="2026-01-09T16:38:20 IST" name="runScenario" description="Runs Cucumber Scenarios" data-provider="scenarios" finished-at="2026-01-09T16:38:54 IST" duration-ms="34017" status="PASS">
          <params>
            <param index="0">
              <value>
                <![CDATA["To validate search functionality with different values"]]>
              </value>
            </param>
            <param index="1">
              <value>
                <![CDATA["To validate the flipkart application"]]>
              </value>
            </param>
          </params>
          <reporter-output>
          </reporter-output>
        </test-method> <!-- runScenario -->
        <test-method signature="runScenario(io.cucumber.testng.PickleWrapper,io.cucumber.testng.FeatureWrapper)[pri:0, instance:Testrunner.runner@49e5f737]" started-at="2026-01-09T16:38:54 IST" name="runScenario" description="Runs Cucumber Scenarios" data-provider="scenarios" finished-at="2026-01-09T16:41:08 IST" duration-ms="134016" status="PASS">
          <params>
            <param index="0">
              <value>
                <![CDATA["To validate upto addcart functionality"]]>
              </value>
            </param>
            <param index="1">
              <value>
                <![CDATA["To validate the flipkart application"]]>
              </value>
            </param>
          </params>
          <reporter-output>
          </reporter-output>
        </test-method> <!-- runScenario -->
        <test-method signature="runScenario(io.cucumber.testng.PickleWrapper,io.cucumber.testng.FeatureWrapper)[pri:0, instance:Testrunner.runner@49e5f737]" started-at="2026-01-09T16:41:08 IST" name="runScenario" description="Runs Cucumber Scenarios" data-provider="scenarios" finished-at="2026-01-09T16:43:40 IST" duration-ms="152180" status="PASS">
          <params>
            <param index="0">
              <value>
                <![CDATA["To get the title and price from search"]]>
              </value>
            </param>
            <param index="1">
              <value>
                <![CDATA["To validate the flipkart application"]]>
              </value>
            </param>
          </params>
          <reporter-output>
          </reporter-output>
        </test-method> <!-- runScenario -->
        <test-method is-config="true" signature="tearDownClass()[pri:0, instance:Testrunner.runner@49e5f737]" started-at="2026-01-09T16:43:40 IST" name="tearDownClass" finished-at="2026-01-09T16:43:47 IST" duration-ms="6817" status="PASS">
          <reporter-output>
          </reporter-output>
        </test-method> <!-- tearDownClass -->
      </class> <!-- Testrunner.runner -->
    </test> <!-- Default test -->
  </suite> <!-- Default suite -->
</testng-results>
