<?xml version="1.0" encoding="UTF-8"?>
<!-- Generated by org.testng.reporters.JUnitReportReporter -->
<testsuite hostname="Moinuddin" failures="0" tests="8" name="Testrunner.runner" time="436.512" errors="0" timestamp="2026-01-09T16:43:49 IST" skipped="0">
  <testcase classname="Testrunner.runner" name="runScenario" time="25.005"/>
  <testcase classname="Testrunner.runner" name="runScenario" time="14.165"/>
  <testcase classname="Testrunner.runner" name="runScenario" time="16.011"/>
  <testcase classname="Testrunner.runner" name="runScenario" time="38.523"/>
  <testcase classname="Testrunner.runner" name="runScenario" time="34.017"/>
  <testcase classname="Testrunner.runner" name="runScenario" time="22.595"/>
  <testcase classname="Testrunner.runner" name="runScenario" time="134.016"/>
  <testcase classname="Testrunner.runner" name="runScenario" time="152.180"/>
</testsuite> <!-- Testrunner.runner -->
